<?xml version="1.0" encoding="UTF-8"?>
<!-- Generated by org.testng.reporters.JUnitReportReporter -->
<testsuite hostname="Lubnas-Air" failures="0" tests="2" name="positiveTests.FreezeCard" time="24.914" errors="0" timestamp="2021-04-27T17:37:36 EDT" skipped="0">
  <testcase classname="positiveTests.FreezeCard" name="freezeCard" time="16.291"/>
  <system-out/>
  <testcase classname="positiveTests.FreezeCard" name="freezeToggle" time="8.623"/>
  <system-out/>
</testsuite> <!-- positiveTests.FreezeCard -->
