<?xml version="1.0" encoding="UTF-8"?>
<!-- Generated by org.testng.reporters.JUnitReportReporter -->
<testsuite hostname="Lubnas-MacBook-Air.local" failures="0" tests="2" name="positiveTests.MoveMoneyAddTransfer" time="36.565" errors="0" timestamp="2021-02-12T14:43:28 EST" skipped="0">
  <testcase classname="positiveTests.MoveMoneyAddTransfer" name="addRecipientBasic1" time="23.694"/>
  <system-out/>
  <testcase classname="positiveTests.MoveMoneyAddTransfer" name="addRecipientBasic2" time="12.871"/>
  <system-out/>
</testsuite> <!-- positiveTests.MoveMoneyAddTransfer -->
