<?xml version="1.0" encoding="UTF-8"?>
<!-- Generated by org.testng.reporters.JUnitReportReporter -->
<testsuite hostname="Lubnas-MacBook-Air.local" failures="0" tests="1" name="tests.MoveMoney" time="19.235" errors="0" timestamp="2021-01-21T23:07:42 EST" skipped="0">
  <testcase classname="tests.MoveMoney" name="BankTransfer" time="19.235"/>
  <system-out/>
</testsuite> <!-- tests.MoveMoney -->
