<?xml version="1.0" encoding="UTF-8"?>
<!-- Generated by org.testng.reporters.JUnitReportReporter -->
<testsuite hostname="Lubnas-Air" failures="0" tests="4" name="positiveTests.CardConfirmation" time="28.719" errors="0" timestamp="2021-04-27T17:37:36 EDT" skipped="0">
  <testcase classname="positiveTests.CardConfirmation" name="ConfirmCardLogin" time="12.658"/>
  <system-out/>
  <testcase classname="positiveTests.CardConfirmation" name="AccessBanner" time="3.785"/>
  <system-out/>
  <testcase classname="positiveTests.CardConfirmation" name="scrollNow" time="1.161"/>
  <system-out/>
  <testcase classname="positiveTests.CardConfirmation" name="ConfirmThatCard" time="11.115"/>
  <system-out/>
</testsuite> <!-- positiveTests.CardConfirmation -->
