<?xml version="1.0" encoding="UTF-8"?>
<!-- Generated by org.testng.reporters.JUnitReportReporter -->
<testsuite hostname="Lubnas-MacBook-Air.local" failures="0" tests="1" name="positiveTests.MoveMoneyAddSpend" time="26.889" errors="0" timestamp="2021-02-07T21:18:19 EST" skipped="0">
  <testcase classname="positiveTests.MoveMoneyAddSpend" name="AddToSpending" time="26.889"/>
  <system-out/>
</testsuite> <!-- positiveTests.MoveMoneyAddSpend -->
