<?xml version="1.0" encoding="UTF-8"?>
<!-- Generated by org.testng.reporters.JUnitReportReporter -->
<testsuite hostname="Lubnas-Air" failures="0" tests="7" name="positiveTests.CardConfirmation" time="60.739" errors="0" timestamp="2021-04-29T14:51:28 EDT" skipped="0">
  <testcase classname="positiveTests.CardConfirmation" name="ConfirmCardLogin1" time="14.418"/>
  <system-out/>
  <testcase classname="positiveTests.CardConfirmation" name="AccessBanner" time="1.249"/>
  <system-out/>
  <testcase classname="positiveTests.CardConfirmation" name="ConfirmThatCard1" time="11.647"/>
  <system-out/>
  <testcase classname="positiveTests.CardConfirmation" name="ConfirmCardLogin2" time="14.367"/>
  <system-out/>
  <testcase classname="positiveTests.CardConfirmation" name="clickConfirmPart" time="3.712"/>
  <system-out/>
  <testcase classname="positiveTests.CardConfirmation" name="scrollNowTwice" time="1.181"/>
  <system-out/>
  <testcase classname="positiveTests.CardConfirmation" name="ConfirmThatCard" time="14.165"/>
  <system-out/>
</testsuite> <!-- positiveTests.CardConfirmation -->
