<?xml version="1.0" encoding="UTF-8"?>
<!-- Generated by org.testng.reporters.JUnitReportReporter -->
<testsuite hostname="Lubnas-Air" failures="0" tests="2" name="positiveTests.MoveMoneyAddTransfer" time="37.170" errors="0" timestamp="2021-04-27T17:37:36 EDT" skipped="0">
  <testcase classname="positiveTests.MoveMoneyAddTransfer" name="addRecipientBasic1" time="23.245"/>
  <system-out/>
  <testcase classname="positiveTests.MoveMoneyAddTransfer" name="addRecipientBasic2" time="13.925"/>
  <system-out/>
</testsuite> <!-- positiveTests.MoveMoneyAddTransfer -->
