<?xml version="1.0" encoding="UTF-8"?>
<!-- Generated by org.testng.reporters.JUnitReportReporter -->
<testsuite hostname="Lubnas-Air" failures="0" tests="1" name="positiveTests.MoveMoneyAddSpend" time="25.016" errors="0" timestamp="2021-04-29T17:51:31 EDT" skipped="0">
  <testcase classname="positiveTests.MoveMoneyAddSpend" name="AddToSpending" time="25.016"/>
  <system-out/>
</testsuite> <!-- positiveTests.MoveMoneyAddSpend -->
