<?xml version="1.0" encoding="UTF-8"?>
<!-- Generated by org.testng.reporters.JUnitReportReporter -->
<testsuite hostname="Lubnas-MacBook-Air.local" failures="0" tests="3" name="tests.MoveMoneyDD" time="25.904" errors="0" timestamp="2021-01-22T23:05:24 EST" skipped="0">
  <testcase classname="tests.MoveMoneyDD" name="SetUpDirectDeposit" time="21.407"/>
  <system-out/>
  <testcase classname="tests.MoveMoneyDD" name="scrollNow3" time="1.302"/>
  <system-out/>
  <testcase classname="tests.MoveMoneyDD" name="finishSetupDD" time="3.195"/>
  <system-out/>
</testsuite> <!-- tests.MoveMoneyDD -->
