<?xml version="1.0" encoding="UTF-8"?>
<!-- Generated by org.testng.reporters.JUnitReportReporter -->
<testsuite hostname="Lubnas-Air" failures="0" tests="3" name="positiveTests.MoveMoneyDD" time="42.464" errors="0" timestamp="2021-04-29T14:51:28 EDT" skipped="0">
  <testcase classname="positiveTests.MoveMoneyDD" name="SetUpDirectDeposit" time="18.171"/>
  <system-out/>
  <testcase classname="positiveTests.MoveMoneyDD" name="scrollNow" time="4.665"/>
  <system-out/>
  <testcase classname="positiveTests.MoveMoneyDD" name="getToAtomic" time="19.628"/>
  <system-out/>
</testsuite> <!-- positiveTests.MoveMoneyDD -->
