<?xml version="1.0" encoding="UTF-8"?>
<!-- Generated by org.testng.reporters.JUnitReportReporter -->
<testsuite hostname="Lubnas-Air" failures="0" tests="2" name="positiveTests.MoveMoneyAddTransfer" time="37.461" errors="0" timestamp="2021-04-29T17:51:31 EDT" skipped="0">
  <testcase classname="positiveTests.MoveMoneyAddTransfer" name="addRecipientBasic1" time="22.270"/>
  <system-out/>
  <testcase classname="positiveTests.MoveMoneyAddTransfer" name="addRecipientBasic2" time="15.191"/>
  <system-out/>
</testsuite> <!-- positiveTests.MoveMoneyAddTransfer -->
