<?xml version="1.0" encoding="UTF-8"?>
<!-- Generated by org.testng.reporters.JUnitReportReporter -->
<testsuite hostname="Lubnas-MacBook-Air.local" failures="0" tests="2" name="positiveTests.SavingsScreen" time="55.006" errors="0" timestamp="2021-02-12T14:43:28 EST" skipped="0">
  <testcase classname="positiveTests.SavingsScreen" name="MoneyToSavings" time="11.829"/>
  <system-out/>
  <testcase classname="positiveTests.SavingsScreen" name="SavingsReminder" time="43.177"/>
  <system-out/>
</testsuite> <!-- positiveTests.SavingsScreen -->
