<?xml version="1.0" encoding="UTF-8"?>
<!-- Generated by org.testng.reporters.JUnitReportReporter -->
<testsuite hostname="Lubnas-Air" failures="0" tests="1" name="positiveTests.ActionRequiredConfirmCard" time="21.411" errors="0" timestamp="2021-04-29T16:38:15 EDT" skipped="0">
  <testcase classname="positiveTests.ActionRequiredConfirmCard" name="accessConfirmNow" time="21.411"/>
  <system-out/>
</testsuite> <!-- positiveTests.ActionRequiredConfirmCard -->
