<?xml version="1.0" encoding="UTF-8"?>
<!-- Generated by org.testng.reporters.JUnitReportReporter -->
<testsuite hostname="Lubnas-MacBook-Air.local" failures="0" tests="2" name="positiveTests.MoveMoneyAddSav" time="8.168" errors="0" timestamp="2021-02-07T21:18:19 EST" skipped="0">
  <testcase classname="positiveTests.MoveMoneyAddSav" name="AddToSavings" time="5.014"/>
  <system-out/>
  <testcase classname="positiveTests.MoveMoneyAddSav" name="clickConfirm" time="3.154"/>
  <system-out/>
</testsuite> <!-- positiveTests.MoveMoneyAddSav -->
