<?xml version="1.0" encoding="UTF-8"?>
<!-- Generated by org.testng.reporters.JUnitReportReporter -->
<testsuite hostname="Lubnas-Air" failures="0" tests="2" name="positiveTests.FreezeCard" time="25.949" errors="0" timestamp="2021-04-26T13:59:21 EDT" skipped="0">
  <testcase classname="positiveTests.FreezeCard" name="freezeCard" time="17.736"/>
  <system-out/>
  <testcase classname="positiveTests.FreezeCard" name="freezeToggle" time="8.213"/>
  <system-out/>
</testsuite> <!-- positiveTests.FreezeCard -->
