<?xml version="1.0" encoding="UTF-8"?>
<!-- Generated by org.testng.reporters.JUnitReportReporter -->
<testsuite hostname="Lubnas-MacBook-Air.local" failures="0" tests="2" name="tests.MoveToSavings" time="11.236" errors="0" timestamp="2021-01-20T10:27:52 EST" skipped="0">
  <testcase classname="tests.MoveToSavings" name="MoneyToSavings" time="10.470"/>
  <system-out/>
  <testcase classname="tests.MoveToSavings" name="backToHome" time="0.766"/>
  <system-out/>
</testsuite> <!-- tests.MoveToSavings -->
