<?xml version="1.0" encoding="UTF-8"?>
<!-- Generated by org.testng.reporters.JUnitReportReporter -->
<testsuite hostname="Lubnas-MacBook-Air.local" failures="0" tests="3" name="positiveTests.MoveMoneyAddCash" time="25.084" errors="0" timestamp="2021-02-03T18:21:45 EST" skipped="0">
  <testcase classname="positiveTests.MoveMoneyAddCash" name="getToAddCash" time="22.757"/>
  <system-out/>
  <testcase classname="positiveTests.MoveMoneyAddCash" name="clickAddCash" time="0.199"/>
  <system-out/>
  <testcase classname="positiveTests.MoveMoneyAddCash" name="completeAddCash" time="2.128"/>
  <system-out/>
</testsuite> <!-- positiveTests.MoveMoneyAddCash -->
