<?xml version="1.0" encoding="UTF-8"?>
<!-- Generated by org.testng.reporters.JUnitReportReporter -->
<testsuite hostname="Lubnas-Air" failures="0" tests="3" name="positiveTests.MoveMoneyDD" time="44.133" errors="0" timestamp="2021-04-29T17:51:31 EDT" skipped="0">
  <testcase classname="positiveTests.MoveMoneyDD" name="SetUpDirectDeposit" time="18.475"/>
  <system-out/>
  <testcase classname="positiveTests.MoveMoneyDD" name="scrollNow" time="4.729"/>
  <system-out/>
  <testcase classname="positiveTests.MoveMoneyDD" name="getToAtomic" time="20.929"/>
  <system-out/>
</testsuite> <!-- positiveTests.MoveMoneyDD -->
