<?xml version="1.0" encoding="UTF-8"?>
<!-- Generated by org.testng.reporters.JUnitReportReporter -->
<testsuite hostname="Lubnas-Air" failures="0" tests="2" name="positiveTests.MoveMoneyAddTransfer" time="36.002" errors="0" timestamp="2021-04-29T14:51:28 EDT" skipped="0">
  <testcase classname="positiveTests.MoveMoneyAddTransfer" name="addRecipientBasic1" time="21.771"/>
  <system-out/>
  <testcase classname="positiveTests.MoveMoneyAddTransfer" name="addRecipientBasic2" time="14.231"/>
  <system-out/>
</testsuite> <!-- positiveTests.MoveMoneyAddTransfer -->
