<?xml version="1.0" encoding="UTF-8"?>
<!-- Generated by org.testng.reporters.JUnitReportReporter -->
<testsuite hostname="Lubnas-Air" failures="0" tests="4" name="positiveTests.CardConfirmation" time="28.614" errors="0" timestamp="2021-04-05T11:47:19 EDT" skipped="0">
  <testcase classname="positiveTests.CardConfirmation" name="ConfirmCardLogin" time="13.581"/>
  <system-out/>
  <testcase classname="positiveTests.CardConfirmation" name="AccessBanner" time="4.013"/>
  <system-out/>
  <testcase classname="positiveTests.CardConfirmation" name="scrollNow" time="1.200"/>
  <system-out/>
  <testcase classname="positiveTests.CardConfirmation" name="ConfirmThatCard" time="9.820"/>
  <system-out/>
</testsuite> <!-- positiveTests.CardConfirmation -->
