<?xml version="1.0" encoding="UTF-8"?>
<!-- Generated by org.testng.reporters.JUnitReportReporter -->
<testsuite hostname="Lubnas-Air" failures="0" tests="2" name="positiveTests.MoveMoneyBillPay" time="36.613" errors="0" timestamp="2021-04-29T14:51:28 EDT" skipped="0">
  <testcase classname="positiveTests.MoveMoneyBillPay" name="MailCheck" time="24.150"/>
  <system-out/>
  <testcase classname="positiveTests.MoveMoneyBillPay" name="mailCheck" time="12.463"/>
  <system-out/>
</testsuite> <!-- positiveTests.MoveMoneyBillPay -->
