<?xml version="1.0" encoding="UTF-8"?>
<!-- Generated by org.testng.reporters.JUnitReportReporter -->
<testsuite hostname="Lubnas-MacBook-Air.local" failures="0" tests="2" name="positiveTests.ReplaceLostCard" time="28.811" errors="0" timestamp="2021-02-12T14:43:28 EST" skipped="0">
  <testcase classname="positiveTests.ReplaceLostCard" name="replaceLostCard" time="18.547"/>
  <system-out/>
  <testcase classname="positiveTests.ReplaceLostCard" name="replaceTheLost" time="10.264"/>
  <system-out/>
</testsuite> <!-- positiveTests.ReplaceLostCard -->
