<?xml version="1.0" encoding="UTF-8"?>
<!-- Generated by org.testng.reporters.JUnitReportReporter -->
<testsuite hostname="Lubnas-MacBook-Air.local" failures="0" tests="3" name="positiveTests.CardActivation" time="34.454" errors="0" timestamp="2021-02-03T18:21:45 EST" skipped="0">
  <testcase classname="positiveTests.CardActivation" name="ActivateCardScreen" time="2.309"/>
  <system-out/>
  <testcase classname="positiveTests.CardActivation" name="ActivationPwEntry" time="6.235"/>
  <system-out/>
  <testcase classname="positiveTests.CardActivation" name="ActivationPINSetting" time="25.910"/>
  <system-out/>
</testsuite> <!-- positiveTests.CardActivation -->
