<?xml version="1.0" encoding="UTF-8"?>
<!-- Generated by org.testng.reporters.JUnitReportReporter -->
<testsuite hostname="Lubnas-Air" failures="0" tests="1" name="positiveTests.ManualSwitchScreen" time="39.556" errors="0" timestamp="2021-04-20T17:06:09 EDT" skipped="0">
  <testcase classname="positiveTests.ManualSwitchScreen" name="manualSwitch" time="39.556"/>
  <system-out/>
</testsuite> <!-- positiveTests.ManualSwitchScreen -->
