<?xml version="1.0" encoding="UTF-8"?>
<!-- Generated by org.testng.reporters.JUnitReportReporter -->
<testsuite hostname="Lubnas-Air" failures="0" tests="1" name="positiveTests.SettingsScreen" time="33.446" errors="0" timestamp="2021-04-28T18:35:38 EDT" skipped="0">
  <testcase classname="positiveTests.SettingsScreen" name="accessSettings" time="33.446"/>
  <system-out/>
</testsuite> <!-- positiveTests.SettingsScreen -->
