<?xml version="1.0" encoding="UTF-8"?>
<!-- Generated by org.testng.reporters.JUnitReportReporter -->
<testsuite hostname="Lubnas-Air" failures="0" tests="7" name="positiveTests.CardConfirmation" time="59.279" errors="0" timestamp="2021-04-28T18:35:38 EDT" skipped="0">
  <testcase classname="positiveTests.CardConfirmation" name="ConfirmCardLogin1" time="15.288"/>
  <system-out/>
  <testcase classname="positiveTests.CardConfirmation" name="AccessBanner" time="1.254"/>
  <system-out/>
  <testcase classname="positiveTests.CardConfirmation" name="ConfirmThatCard1" time="12.139"/>
  <system-out/>
  <testcase classname="positiveTests.CardConfirmation" name="ConfirmCardLogin2" time="13.648"/>
  <system-out/>
  <testcase classname="positiveTests.CardConfirmation" name="clickConfirmPart" time="4.049"/>
  <system-out/>
  <testcase classname="positiveTests.CardConfirmation" name="scrollNowTwice" time="1.196"/>
  <system-out/>
  <testcase classname="positiveTests.CardConfirmation" name="ConfirmThatCard" time="11.705"/>
  <system-out/>
</testsuite> <!-- positiveTests.CardConfirmation -->
