<?xml version="1.0" encoding="UTF-8"?>
<!-- Generated by org.testng.reporters.JUnitReportReporter -->
<testsuite hostname="Lubnas-MacBook-Air.local" failures="0" tests="13" name="tests.Signup" time="66.861" errors="0" timestamp="2021-01-22T23:05:24 EST" skipped="0">
  <testcase classname="tests.Signup" name="SignupVerifyCode" time="10.502"/>
  <system-out/>
  <testcase classname="tests.Signup" name="SignupEnterLoginInfo" time="6.114"/>
  <system-out/>
  <testcase classname="tests.Signup" name="scrollNow" time="1.201"/>
  <system-out/>
  <testcase classname="tests.Signup" name="clickInfoCont" time="0.259"/>
  <system-out/>
  <testcase classname="tests.Signup" name="SignupEnterPersonalInfo" time="6.313"/>
  <system-out/>
  <testcase classname="tests.Signup" name="SignupEnterMailingAddress" time="3.908"/>
  <system-out/>
  <testcase classname="tests.Signup" name="SignupEnterPermAddress" time="2.242"/>
  <system-out/>
  <testcase classname="tests.Signup" name="scrollNow1" time="1.161"/>
  <system-out/>
  <testcase classname="tests.Signup" name="billingCont" time="1.469"/>
  <system-out/>
  <testcase classname="tests.Signup" name="EmploymentScreen" time="6.145"/>
  <system-out/>
  <testcase classname="tests.Signup" name="SsnScreen" time="19.886"/>
  <system-out/>
  <testcase classname="tests.Signup" name="scrollNow2" time="5.227"/>
  <system-out/>
  <testcase classname="tests.Signup" name="clickReviewsubmit" time="2.434"/>
  <system-out/>
</testsuite> <!-- tests.Signup -->
