<?xml version="1.0" encoding="UTF-8"?>
<!-- Generated by org.testng.reporters.JUnitReportReporter -->
<testsuite hostname="Lubnas-MacBook-Air.local" failures="0" tests="6" name="positiveTests.MoveMoneyBankTransfer" time="33.344" errors="0" timestamp="2021-02-01T21:44:48 EST" skipped="0">
  <testcase classname="positiveTests.MoveMoneyBankTransfer" name="BankTransfer" time="19.622"/>
  <system-out/>
  <testcase classname="positiveTests.MoveMoneyBankTransfer" name="scrollNow4" time="4.756"/>
  <system-out/>
  <testcase classname="positiveTests.MoveMoneyBankTransfer" name="clickBankTransferPrevRecptPerform" time="4.946"/>
  <system-out/>
  <testcase classname="positiveTests.MoveMoneyBankTransfer" name="scrollNow5" time="1.165"/>
  <system-out/>
  <testcase classname="positiveTests.MoveMoneyBankTransfer" name="PerformTransfer" time="0.148"/>
  <system-out/>
  <testcase classname="positiveTests.MoveMoneyBankTransfer" name="clickYestoPerfBankTrans" time="2.707"/>
  <system-out/>
</testsuite> <!-- positiveTests.MoveMoneyBankTransfer -->
