<?xml version="1.0" encoding="UTF-8"?>
<!-- Generated by org.testng.reporters.JUnitReportReporter -->
<testsuite hostname="Lubnas-MacBook-Air.local" failures="0" tests="13" name="positiveTests.Signup" time="77.805" errors="0" timestamp="2021-02-07T21:18:19 EST" skipped="0">
  <testcase classname="positiveTests.Signup" name="SignupVerifyCode" time="10.582"/>
  <system-out/>
  <testcase classname="positiveTests.Signup" name="SignupEnterLoginInfo" time="6.087"/>
  <system-out/>
  <testcase classname="positiveTests.Signup" name="scrollNow" time="1.199"/>
  <system-out/>
  <testcase classname="positiveTests.Signup" name="clickInfoCont" time="0.343"/>
  <system-out/>
  <testcase classname="positiveTests.Signup" name="SignupEnterPersonalInfo" time="5.902"/>
  <system-out/>
  <testcase classname="positiveTests.Signup" name="SignupEnterMailingAddress" time="15.262"/>
  <system-out/>
  <testcase classname="positiveTests.Signup" name="SignupEnterPermAddress" time="1.697"/>
  <system-out/>
  <testcase classname="positiveTests.Signup" name="scrollNow1" time="1.261"/>
  <system-out/>
  <testcase classname="positiveTests.Signup" name="billingCont" time="1.619"/>
  <system-out/>
  <testcase classname="positiveTests.Signup" name="EmploymentScreen" time="6.201"/>
  <system-out/>
  <testcase classname="positiveTests.Signup" name="SsnScreen" time="19.933"/>
  <system-out/>
  <testcase classname="positiveTests.Signup" name="scrollNow2" time="5.259"/>
  <system-out/>
  <testcase classname="positiveTests.Signup" name="clickReviewsubmit" time="2.460"/>
  <system-out/>
</testsuite> <!-- positiveTests.Signup -->
