<?xml version="1.0" encoding="UTF-8"?>
<!-- Generated by org.testng.reporters.JUnitReportReporter -->
<testsuite hostname="Lubnas-MacBook-Air.local" failures="0" tests="2" name="tests.SavingsScreen" time="55.345" errors="0" timestamp="2021-01-22T23:05:24 EST" skipped="0">
  <testcase classname="tests.SavingsScreen" name="MoneyToSavings" time="12.038"/>
  <system-out/>
  <testcase classname="tests.SavingsScreen" name="SavingsReminder" time="43.307"/>
  <system-out/>
</testsuite> <!-- tests.SavingsScreen -->
