<?xml version="1.0" encoding="UTF-8"?>
<!-- Generated by org.testng.reporters.JUnitReportReporter -->
<testsuite hostname="Lubnas-MacBook-Air.local" failures="0" tests="1" name="positiveTests.SettingsScreen" time="34.827" errors="0" timestamp="2021-02-01T21:44:48 EST" skipped="0">
  <testcase classname="positiveTests.SettingsScreen" name="accessSettings" time="34.827"/>
  <system-out/>
</testsuite> <!-- positiveTests.SettingsScreen -->
