<?xml version="1.0" encoding="UTF-8"?>
<!-- Generated by org.testng.reporters.JUnitReportReporter -->
<testsuite hostname="Lubnas-MacBook-Air.local" failures="0" tests="2" name="positiveTests.MoveMoneyDeleteTransfer" time="32.781" errors="0" timestamp="2021-02-01T21:44:48 EST" skipped="0">
  <testcase classname="positiveTests.MoveMoneyDeleteTransfer" name="accessdeleteTrans" time="23.495"/>
  <system-out/>
  <testcase classname="positiveTests.MoveMoneyDeleteTransfer" name="gonnaDelete" time="9.286"/>
  <system-out/>
</testsuite> <!-- positiveTests.MoveMoneyDeleteTransfer -->
