<?xml version="1.0" encoding="UTF-8"?>
<!-- Generated by org.testng.reporters.JUnitReportReporter -->
<testsuite hostname="Lubnas-Air" failures="0" tests="3" name="positiveTests.ActionRequiredReLinkDD" time="44.665" errors="0" timestamp="2021-04-29T14:51:28 EDT" skipped="0">
  <testcase classname="positiveTests.ActionRequiredReLinkDD" name="reLinkDD" time="18.575"/>
  <system-out/>
  <testcase classname="positiveTests.ActionRequiredReLinkDD" name="scrollNow" time="4.676"/>
  <system-out/>
  <testcase classname="positiveTests.ActionRequiredReLinkDD" name="getToAtomic" time="21.414"/>
  <system-out/>
</testsuite> <!-- positiveTests.ActionRequiredReLinkDD -->
