<?xml version="1.0" encoding="UTF-8"?>
<!-- Generated by org.testng.reporters.JUnitReportReporter -->
<testsuite hostname="Lubnas-Air" failures="0" tests="3" name="positiveTests.SavingsScreen" time="79.368" errors="0" timestamp="2021-04-28T18:35:38 EDT" skipped="0">
  <testcase classname="positiveTests.SavingsScreen" name="Login" time="15.936"/>
  <system-out/>
  <testcase classname="positiveTests.SavingsScreen" name="MoneyToSavings" time="18.097"/>
  <system-out/>
  <testcase classname="positiveTests.SavingsScreen" name="SavingsReminder" time="45.335"/>
  <system-out/>
</testsuite> <!-- positiveTests.SavingsScreen -->
