<?xml version="1.0" encoding="UTF-8"?>
<!-- Generated by org.testng.reporters.JUnitReportReporter -->
<testsuite hostname="Lubnas-MacBook-Air.local" failures="0" tests="3" name="positiveTests.MoveMoneyAddCash" time="25.728" errors="0" timestamp="2021-02-01T21:44:48 EST" skipped="0">
  <testcase classname="positiveTests.MoveMoneyAddCash" name="getToAddCash" time="23.589"/>
  <system-out/>
  <testcase classname="positiveTests.MoveMoneyAddCash" name="clickAddCash" time="0.115"/>
  <system-out/>
  <testcase classname="positiveTests.MoveMoneyAddCash" name="completeAddCash" time="2.024"/>
  <system-out/>
</testsuite> <!-- positiveTests.MoveMoneyAddCash -->
