<?xml version="1.0" encoding="UTF-8"?>
<!-- Generated by org.testng.reporters.JUnitReportReporter -->
<testsuite hostname="Lubnas-Air" failures="0" tests="2" name="positiveTests.CardActivation" time="29.456" errors="0" timestamp="2021-04-07T21:38:40 EDT" skipped="0">
  <testcase classname="positiveTests.CardActivation" name="ActivateCardScreen" time="19.776"/>
  <system-out/>
  <testcase classname="positiveTests.CardActivation" name="ActivationPINSetting" time="9.680"/>
  <system-out/>
</testsuite> <!-- positiveTests.CardActivation -->
