<?xml version="1.0" encoding="UTF-8"?>
<!-- Generated by org.testng.reporters.JUnitReportReporter -->
<testsuite hostname="Lubnas-MacBook-Air.local" failures="0" tests="2" name="positiveTests.MoveMoneyBillPay" time="35.570" errors="0" timestamp="2021-02-01T21:44:48 EST" skipped="0">
  <testcase classname="positiveTests.MoveMoneyBillPay" name="MailCheck" time="23.761"/>
  <system-out/>
  <testcase classname="positiveTests.MoveMoneyBillPay" name="mailCheck" time="11.809"/>
  <system-out/>
</testsuite> <!-- positiveTests.MoveMoneyBillPay -->
