<?xml version="1.0" encoding="UTF-8"?>
<!-- Generated by org.testng.reporters.JUnitReportReporter -->
<testsuite hostname="Lubnas-MacBook-Air.local" failures="0" tests="6" name="tests.MoveMoneyBankTransfer" time="31.982" errors="0" timestamp="2021-01-24T12:23:40 EST" skipped="0">
  <testcase classname="tests.MoveMoneyBankTransfer" name="BankTransfer" time="19.131"/>
  <system-out/>
  <testcase classname="tests.MoveMoneyBankTransfer" name="scrollNow4" time="4.794"/>
  <system-out/>
  <testcase classname="tests.MoveMoneyBankTransfer" name="clickBankTransferPrevRecptPerform" time="5.162"/>
  <system-out/>
  <testcase classname="tests.MoveMoneyBankTransfer" name="scrollNow5" time="1.170"/>
  <system-out/>
  <testcase classname="tests.MoveMoneyBankTransfer" name="PerformTransfer" time="0.215"/>
  <system-out/>
  <testcase classname="tests.MoveMoneyBankTransfer" name="clickYestoPerfBankTrans" time="1.510"/>
  <system-out/>
</testsuite> <!-- tests.MoveMoneyBankTransfer -->
