<?xml version="1.0" encoding="UTF-8"?>
<!-- Generated by org.testng.reporters.JUnitReportReporter -->
<testsuite hostname="Lubnas-Air" failures="0" tests="2" name="positiveTests.MoveMoneyAddTransfer" time="44.609" errors="0" timestamp="2021-04-26T13:59:22 EDT" skipped="0">
  <testcase classname="positiveTests.MoveMoneyAddTransfer" name="addRecipientBasic1" time="26.476"/>
  <system-out/>
  <testcase classname="positiveTests.MoveMoneyAddTransfer" name="addRecipientBasic2" time="18.133"/>
  <system-out/>
</testsuite> <!-- positiveTests.MoveMoneyAddTransfer -->
