<?xml version="1.0" encoding="UTF-8"?>
<!-- Generated by org.testng.reporters.JUnitReportReporter -->
<testsuite hostname="Lubnas-Air" failures="0" tests="1" name="positiveTests.EWASuccess" time="45.930" errors="0" timestamp="2021-04-28T18:35:38 EDT" skipped="0">
  <testcase classname="positiveTests.EWASuccess" name="EWA" time="45.930"/>
  <system-out/>
</testsuite> <!-- positiveTests.EWASuccess -->
