<?xml version="1.0" encoding="UTF-8"?>
<!-- Generated by org.testng.reporters.JUnitReportReporter -->
<testsuite hostname="Lubnas-MacBook-Air.local" failures="0" tests="3" name="tests.MoveMoney" time="25.304" errors="0" timestamp="2021-01-22T21:48:13 EST" skipped="0">
  <testcase classname="tests.MoveMoney" name="AddToSavings" time="21.787"/>
  <system-out/>
  <testcase classname="tests.MoveMoney" name="clickConfirm" time="2.170"/>
  <system-out/>
  <testcase classname="tests.MoveMoney" name="AddToSpending" time="1.347"/>
  <system-out/>
</testsuite> <!-- tests.MoveMoney -->
