<?xml version="1.0" encoding="UTF-8"?>
<!-- Generated by org.testng.reporters.JUnitReportReporter -->
<testsuite hostname="Lubnas-MacBook-Air.local" failures="0" tests="2" name="positiveTests.CardConfirmation" time="20.007" errors="0" timestamp="2021-02-03T18:21:45 EST" skipped="0">
  <testcase classname="positiveTests.CardConfirmation" name="ConfirmCardLogin" time="16.267"/>
  <system-out/>
  <testcase classname="positiveTests.CardConfirmation" name="ConfirmThatCard" time="3.740"/>
  <system-out/>
</testsuite> <!-- positiveTests.CardConfirmation -->
