<?xml version="1.0" encoding="UTF-8"?>
<!-- Generated by org.testng.reporters.JUnitReportReporter -->
<testsuite hostname="Lubnas-Air" failures="0" tests="3" name="positiveTests.ActionRequiredReLinkDD" time="53.353" errors="0" timestamp="2021-04-26T13:59:21 EDT" skipped="0">
  <testcase classname="positiveTests.ActionRequiredReLinkDD" name="reLinkDD" time="19.480"/>
  <system-out/>
  <testcase classname="positiveTests.ActionRequiredReLinkDD" name="scrollNow" time="4.697"/>
  <system-out/>
  <testcase classname="positiveTests.ActionRequiredReLinkDD" name="getToAtomic" time="29.176"/>
  <system-out/>
</testsuite> <!-- positiveTests.ActionRequiredReLinkDD -->
