<?xml version="1.0" encoding="UTF-8"?>
<!-- Generated by org.testng.reporters.JUnitReportReporter -->
<testsuite hostname="Lubnas-Air" failures="0" tests="1" name="positiveTests.ResetPassword" time="10.836" errors="0" timestamp="2021-04-27T17:37:36 EDT" skipped="0">
  <testcase classname="positiveTests.ResetPassword" name="resetPassword" time="10.836"/>
  <system-out/>
</testsuite> <!-- positiveTests.ResetPassword -->
