<?xml version="1.0" encoding="UTF-8"?>
<!-- Generated by org.testng.reporters.JUnitReportReporter -->
<testsuite hostname="Lubnas-MacBook-Air.local" failures="0" tests="3" name="tests.CardActivation" time="19.615" errors="0" timestamp="2021-01-22T23:11:33 EST" skipped="0">
  <testcase classname="tests.CardActivation" name="ActivateCardScreen" time="2.182"/>
  <system-out/>
  <testcase classname="tests.CardActivation" name="ActivationPwEntry" time="6.769"/>
  <system-out/>
  <testcase classname="tests.CardActivation" name="ActivationPINSetting" time="10.664"/>
  <system-out/>
</testsuite> <!-- tests.CardActivation -->
