<?xml version="1.0" encoding="UTF-8"?>
<!-- Generated by org.testng.reporters.JUnitReportReporter -->
<testsuite hostname="Lubnas-MacBook-Air.local" failures="0" tests="2" name="tests.SavingsScreen" time="88.047" errors="0" timestamp="2021-01-20T16:11:05 EST" skipped="0">
  <testcase classname="tests.SavingsScreen" name="MoneyToSavings" time="15.059"/>
  <system-out/>
  <testcase classname="tests.SavingsScreen" name="SavingsReminder" time="72.988"/>
  <system-out/>
</testsuite> <!-- tests.SavingsScreen -->
