<?xml version="1.0" encoding="UTF-8"?>
<!-- Generated by org.testng.reporters.JUnitReportReporter -->
<testsuite hostname="Lubnas-MacBook-Air.local" failures="0" tests="1" name="tests.MoveMoneyAddSpend" time="25.735" errors="0" timestamp="2021-01-22T23:05:24 EST" skipped="0">
  <testcase classname="tests.MoveMoneyAddSpend" name="AddToSpending" time="25.735"/>
  <system-out/>
</testsuite> <!-- tests.MoveMoneyAddSpend -->
