<?xml version="1.0" encoding="UTF-8"?>
<!-- Generated by org.testng.reporters.JUnitReportReporter -->
<testsuite hostname="Lubnas-Air" failures="0" tests="3" name="positiveTests.SavingsScreen" time="82.492" errors="0" timestamp="2021-04-27T17:37:36 EDT" skipped="0">
  <testcase classname="positiveTests.SavingsScreen" name="Login" time="15.813"/>
  <system-out/>
  <testcase classname="positiveTests.SavingsScreen" name="MoneyToSavings" time="18.201"/>
  <system-out/>
  <testcase classname="positiveTests.SavingsScreen" name="SavingsReminder" time="48.478"/>
  <system-out/>
</testsuite> <!-- positiveTests.SavingsScreen -->
