<?xml version="1.0" encoding="UTF-8"?>
<!-- Generated by org.testng.reporters.JUnitReportReporter -->
<testsuite hostname="Lubnas-MacBook-Air.local" failures="0" tests="3" name="positiveTests.MoveMoneyDD" time="25.718" errors="0" timestamp="2021-02-03T18:21:45 EST" skipped="0">
  <testcase classname="positiveTests.MoveMoneyDD" name="SetUpDirectDeposit" time="20.975"/>
  <system-out/>
  <testcase classname="positiveTests.MoveMoneyDD" name="scrollNow3" time="3.612"/>
  <system-out/>
  <testcase classname="positiveTests.MoveMoneyDD" name="finishSetupDD" time="1.131"/>
  <system-out/>
</testsuite> <!-- positiveTests.MoveMoneyDD -->
