<?xml version="1.0" encoding="UTF-8"?>
<!-- Generated by org.testng.reporters.JUnitReportReporter -->
<testsuite hostname="Lubnas-MacBook-Air.local" failures="0" tests="3" name="positiveTests.CardActivation" time="34.544" errors="0" timestamp="2021-02-12T14:43:28 EST" skipped="0">
  <testcase classname="positiveTests.CardActivation" name="ActivateCardScreen" time="2.137"/>
  <system-out/>
  <testcase classname="positiveTests.CardActivation" name="ActivationPwEntry" time="6.110"/>
  <system-out/>
  <testcase classname="positiveTests.CardActivation" name="ActivationPINSetting" time="26.297"/>
  <system-out/>
</testsuite> <!-- positiveTests.CardActivation -->
