<?xml version="1.0" encoding="UTF-8"?>
<!-- Generated by org.testng.reporters.JUnitReportReporter -->
<testsuite hostname="Lubnas-Air" failures="0" tests="2" name="positiveTests.CardActivation" time="24.766" errors="0" timestamp="2021-04-26T13:59:21 EDT" skipped="0">
  <testcase classname="positiveTests.CardActivation" name="ActivateCardScreen" time="14.892"/>
  <system-out/>
  <testcase classname="positiveTests.CardActivation" name="ActivationPINSetting" time="9.874"/>
  <system-out/>
</testsuite> <!-- positiveTests.CardActivation -->
