<?xml version="1.0" encoding="UTF-8"?>
<!-- Generated by org.testng.reporters.JUnitReportReporter -->
<testsuite hostname="Lubnas-MacBook-Air.local" failures="0" tests="1" name="positiveTests.MoveMoneyAddSpend" time="28.440" errors="0" timestamp="2021-02-17T20:15:41 EST" skipped="0">
  <testcase classname="positiveTests.MoveMoneyAddSpend" name="AddToSpending" time="28.440"/>
  <system-out/>
</testsuite> <!-- positiveTests.MoveMoneyAddSpend -->
