<?xml version="1.0" encoding="UTF-8"?>
<!-- Generated by org.testng.reporters.JUnitReportReporter -->
<testsuite hostname="Lubnas-Air" failures="0" tests="3" name="positiveTests.MoveMoneyDD" time="40.336" errors="0" timestamp="2021-04-27T17:37:36 EDT" skipped="0">
  <testcase classname="positiveTests.MoveMoneyDD" name="SetUpDirectDeposit" time="18.119"/>
  <system-out/>
  <testcase classname="positiveTests.MoveMoneyDD" name="scrollNow" time="4.829"/>
  <system-out/>
  <testcase classname="positiveTests.MoveMoneyDD" name="getToAtomic" time="17.388"/>
  <system-out/>
</testsuite> <!-- positiveTests.MoveMoneyDD -->
