<?xml version="1.0" encoding="UTF-8"?>
<!-- Generated by org.testng.reporters.JUnitReportReporter -->
<testsuite hostname="Lubnas-MacBook-Air.local" failures="0" tests="3" name="positiveTests.CardActivation" time="34.664" errors="0" timestamp="2021-02-07T21:18:19 EST" skipped="0">
  <testcase classname="positiveTests.CardActivation" name="ActivateCardScreen" time="2.302"/>
  <system-out/>
  <testcase classname="positiveTests.CardActivation" name="ActivationPwEntry" time="6.037"/>
  <system-out/>
  <testcase classname="positiveTests.CardActivation" name="ActivationPINSetting" time="26.325"/>
  <system-out/>
</testsuite> <!-- positiveTests.CardActivation -->
