<?xml version="1.0" encoding="UTF-8"?>
<!-- Generated by org.testng.reporters.JUnitReportReporter -->
<testsuite hostname="Lubnas-MacBook-Air.local" failures="0" tests="2" name="tests.CardConfirmation" time="20.076" errors="0" timestamp="2021-01-21T23:07:42 EST" skipped="0">
  <testcase classname="tests.CardConfirmation" name="ConfirmCardLogin" time="16.426"/>
  <system-out/>
  <testcase classname="tests.CardConfirmation" name="ConfirmThatCard" time="3.650"/>
  <system-out/>
</testsuite> <!-- tests.CardConfirmation -->
