<?xml version="1.0" encoding="UTF-8"?>
<!-- Generated by org.testng.reporters.JUnitReportReporter -->
<testsuite hostname="Lubnas-MacBook-Air.local" failures="0" tests="2" name="tests.MoveMoneyAddSav" time="7.841" errors="0" timestamp="2021-01-22T23:05:24 EST" skipped="0">
  <testcase classname="tests.MoveMoneyAddSav" name="AddToSavings" time="4.959"/>
  <system-out/>
  <testcase classname="tests.MoveMoneyAddSav" name="clickConfirm" time="2.882"/>
  <system-out/>
</testsuite> <!-- tests.MoveMoneyAddSav -->
