<?xml version="1.0" encoding="UTF-8"?>
<!-- Generated by org.testng.reporters.JUnitReportReporter -->
<testsuite hostname="Lubnas-MacBook-Air.local" failures="0" tests="13" name="positiveTests.Signup" time="77.643" errors="0" timestamp="2021-02-01T21:44:48 EST" skipped="0">
  <testcase classname="positiveTests.Signup" name="SignupVerifyCode" time="10.478"/>
  <system-out/>
  <testcase classname="positiveTests.Signup" name="SignupEnterLoginInfo" time="6.192"/>
  <system-out/>
  <testcase classname="positiveTests.Signup" name="scrollNow" time="1.192"/>
  <system-out/>
  <testcase classname="positiveTests.Signup" name="clickInfoCont" time="0.243"/>
  <system-out/>
  <testcase classname="positiveTests.Signup" name="SignupEnterPersonalInfo" time="6.000"/>
  <system-out/>
  <testcase classname="positiveTests.Signup" name="SignupEnterMailingAddress" time="15.389"/>
  <system-out/>
  <testcase classname="positiveTests.Signup" name="SignupEnterPermAddress" time="1.760"/>
  <system-out/>
  <testcase classname="positiveTests.Signup" name="scrollNow1" time="1.342"/>
  <system-out/>
  <testcase classname="positiveTests.Signup" name="billingCont" time="1.592"/>
  <system-out/>
  <testcase classname="positiveTests.Signup" name="EmploymentScreen" time="5.991"/>
  <system-out/>
  <testcase classname="positiveTests.Signup" name="SsnScreen" time="19.719"/>
  <system-out/>
  <testcase classname="positiveTests.Signup" name="scrollNow2" time="5.260"/>
  <system-out/>
  <testcase classname="positiveTests.Signup" name="clickReviewsubmit" time="2.485"/>
  <system-out/>
</testsuite> <!-- positiveTests.Signup -->
