<?xml version="1.0" encoding="UTF-8"?>
<!-- Generated by org.testng.reporters.JUnitReportReporter -->
<testsuite hostname="Lubnas-MacBook-Air.local" failures="0" tests="13" name="positiveTests.Signup" time="81.864" errors="0" timestamp="2021-02-03T18:21:45 EST" skipped="0">
  <testcase classname="positiveTests.Signup" name="SignupVerifyCode" time="10.353"/>
  <system-out/>
  <testcase classname="positiveTests.Signup" name="SignupEnterLoginInfo" time="6.169"/>
  <system-out/>
  <testcase classname="positiveTests.Signup" name="scrollNow" time="1.210"/>
  <system-out/>
  <testcase classname="positiveTests.Signup" name="clickInfoCont" time="0.286"/>
  <system-out/>
  <testcase classname="positiveTests.Signup" name="SignupEnterPersonalInfo" time="6.753"/>
  <system-out/>
  <testcase classname="positiveTests.Signup" name="SignupEnterMailingAddress" time="15.499"/>
  <system-out/>
  <testcase classname="positiveTests.Signup" name="SignupEnterPermAddress" time="2.601"/>
  <system-out/>
  <testcase classname="positiveTests.Signup" name="scrollNow1" time="1.260"/>
  <system-out/>
  <testcase classname="positiveTests.Signup" name="billingCont" time="2.271"/>
  <system-out/>
  <testcase classname="positiveTests.Signup" name="EmploymentScreen" time="6.653"/>
  <system-out/>
  <testcase classname="positiveTests.Signup" name="SsnScreen" time="21.058"/>
  <system-out/>
  <testcase classname="positiveTests.Signup" name="scrollNow2" time="5.233"/>
  <system-out/>
  <testcase classname="positiveTests.Signup" name="clickReviewsubmit" time="2.518"/>
  <system-out/>
</testsuite> <!-- positiveTests.Signup -->
