<?xml version="1.0" encoding="UTF-8"?>
<!-- Generated by org.testng.reporters.JUnitReportReporter -->
<testsuite hostname="Lubnas-Air" failures="0" tests="1" name="positiveTests.ActionRequiredConfirmCard" time="19.855" errors="0" timestamp="2021-04-27T17:37:36 EDT" skipped="0">
  <testcase classname="positiveTests.ActionRequiredConfirmCard" name="accessConfirmNow" time="19.855"/>
  <system-out/>
</testsuite> <!-- positiveTests.ActionRequiredConfirmCard -->
