<?xml version="1.0" encoding="UTF-8"?>
<!-- Generated by org.testng.reporters.JUnitReportReporter -->
<testsuite hostname="Lubnas-Air" failures="0" tests="7" name="positiveTests.CardConfirmation" time="59.196" errors="0" timestamp="2021-04-29T17:51:31 EDT" skipped="0">
  <testcase classname="positiveTests.CardConfirmation" name="ConfirmCardLogin1" time="15.168"/>
  <system-out/>
  <testcase classname="positiveTests.CardConfirmation" name="AccessBanner" time="1.233"/>
  <system-out/>
  <testcase classname="positiveTests.CardConfirmation" name="ConfirmThatCard1" time="10.047"/>
  <system-out/>
  <testcase classname="positiveTests.CardConfirmation" name="ConfirmCardLogin2" time="13.205"/>
  <system-out/>
  <testcase classname="positiveTests.CardConfirmation" name="clickConfirmPart" time="4.051"/>
  <system-out/>
  <testcase classname="positiveTests.CardConfirmation" name="scrollNowTwice" time="1.182"/>
  <system-out/>
  <testcase classname="positiveTests.CardConfirmation" name="ConfirmThatCard" time="14.310"/>
  <system-out/>
</testsuite> <!-- positiveTests.CardConfirmation -->
