<?xml version="1.0" encoding="UTF-8"?>
<!-- Generated by org.testng.reporters.JUnitReportReporter -->
<testsuite hostname="Lubnas-Air" failures="0" tests="6" name="positiveTests.MoveMoneyBankTransfer" time="33.158" errors="0" timestamp="2021-04-29T17:51:31 EDT" skipped="0">
  <testcase classname="positiveTests.MoveMoneyBankTransfer" name="BankTransfer" time="18.198"/>
  <system-out/>
  <testcase classname="positiveTests.MoveMoneyBankTransfer" name="scrollNow4" time="4.843"/>
  <system-out/>
  <testcase classname="positiveTests.MoveMoneyBankTransfer" name="clickBankTransferPrevRecptPerform" time="5.526"/>
  <system-out/>
  <testcase classname="positiveTests.MoveMoneyBankTransfer" name="scrollNow5" time="1.182"/>
  <system-out/>
  <testcase classname="positiveTests.MoveMoneyBankTransfer" name="PerformTransfer" time="0.177"/>
  <system-out/>
  <testcase classname="positiveTests.MoveMoneyBankTransfer" name="clickYestoPerfBankTrans" time="3.232"/>
  <system-out/>
</testsuite> <!-- positiveTests.MoveMoneyBankTransfer -->
