<?xml version="1.0" encoding="UTF-8"?>
<!-- Generated by org.testng.reporters.JUnitReportReporter -->
<testsuite hostname="Lubnas-Air" failures="0" tests="3" name="positiveTests.MoveMoneyDD" time="41.061" errors="0" timestamp="2021-04-26T13:59:22 EDT" skipped="0">
  <testcase classname="positiveTests.MoveMoneyDD" name="SetUpDirectDeposit" time="17.571"/>
  <system-out/>
  <testcase classname="positiveTests.MoveMoneyDD" name="scrollNow" time="4.742"/>
  <system-out/>
  <testcase classname="positiveTests.MoveMoneyDD" name="getToAtomic" time="18.748"/>
  <system-out/>
</testsuite> <!-- positiveTests.MoveMoneyDD -->
