<?xml version="1.0" encoding="UTF-8"?>
<!-- Generated by org.testng.reporters.JUnitReportReporter -->
<testsuite hostname="Lubnas-Air" failures="0" tests="3" name="positiveTests.ActionRequiredReLinkDD" time="46.795" errors="0" timestamp="2021-04-29T17:51:31 EDT" skipped="0">
  <testcase classname="positiveTests.ActionRequiredReLinkDD" name="reLinkDD" time="18.797"/>
  <system-out/>
  <testcase classname="positiveTests.ActionRequiredReLinkDD" name="scrollNow" time="4.679"/>
  <system-out/>
  <testcase classname="positiveTests.ActionRequiredReLinkDD" name="getToAtomic" time="23.319"/>
  <system-out/>
</testsuite> <!-- positiveTests.ActionRequiredReLinkDD -->
