<?xml version="1.0" encoding="UTF-8"?>
<!-- Generated by org.testng.reporters.JUnitReportReporter -->
<testsuite hostname="Lubnas-Air" failures="0" tests="2" name="positiveTests.MoveMoneyBillPay" time="35.095" errors="0" timestamp="2021-04-27T17:37:36 EDT" skipped="0">
  <testcase classname="positiveTests.MoveMoneyBillPay" name="MailCheck" time="22.189"/>
  <system-out/>
  <testcase classname="positiveTests.MoveMoneyBillPay" name="mailCheck" time="12.906"/>
  <system-out/>
</testsuite> <!-- positiveTests.MoveMoneyBillPay -->
