<?xml version="1.0" encoding="UTF-8"?>
<!-- Generated by org.testng.reporters.JUnitReportReporter -->
<testsuite hostname="Lubnas-Air" failures="0" tests="1" name="positiveTests.SettingsScreen" time="35.575" errors="0" timestamp="2021-04-29T14:51:29 EDT" skipped="0">
  <testcase classname="positiveTests.SettingsScreen" name="accessSettings" time="35.575"/>
  <system-out/>
</testsuite> <!-- positiveTests.SettingsScreen -->
