<?xml version="1.0" encoding="UTF-8"?>
<!-- Generated by org.testng.reporters.JUnitReportReporter -->
<testsuite hostname="Lubnas-MacBook-Air.local" failures="0" tests="13" name="tests.Signup" time="67.530" errors="0" timestamp="2021-01-21T23:07:42 EST" skipped="0">
  <testcase classname="tests.Signup" name="SignupVerifyCode" time="10.491"/>
  <system-out/>
  <testcase classname="tests.Signup" name="SignupEnterLoginInfo" time="6.971"/>
  <system-out/>
  <testcase classname="tests.Signup" name="scrollNow" time="1.206"/>
  <system-out/>
  <testcase classname="tests.Signup" name="clickInfoCont" time="0.329"/>
  <system-out/>
  <testcase classname="tests.Signup" name="SignupEnterPersonalInfo" time="5.598"/>
  <system-out/>
  <testcase classname="tests.Signup" name="SignupEnterMailingAddress" time="3.511"/>
  <system-out/>
  <testcase classname="tests.Signup" name="SignupEnterPermAddress" time="1.805"/>
  <system-out/>
  <testcase classname="tests.Signup" name="scrollNow1" time="1.300"/>
  <system-out/>
  <testcase classname="tests.Signup" name="billingCont" time="1.529"/>
  <system-out/>
  <testcase classname="tests.Signup" name="EmploymentScreen" time="6.651"/>
  <system-out/>
  <testcase classname="tests.Signup" name="SsnScreen" time="20.159"/>
  <system-out/>
  <testcase classname="tests.Signup" name="scrollNow2" time="5.298"/>
  <system-out/>
  <testcase classname="tests.Signup" name="clickReviewsubmit" time="2.682"/>
  <system-out/>
</testsuite> <!-- tests.Signup -->
