<?xml version="1.0" encoding="UTF-8"?>
<!-- Generated by org.testng.reporters.JUnitReportReporter -->
<testsuite hostname="Lubnas-Air" failures="0" tests="4" name="positiveTests.CardConfirmation" time="29.619" errors="0" timestamp="2021-04-26T13:59:21 EDT" skipped="0">
  <testcase classname="positiveTests.CardConfirmation" name="ConfirmCardLogin" time="14.277"/>
  <system-out/>
  <testcase classname="positiveTests.CardConfirmation" name="AccessBanner" time="3.985"/>
  <system-out/>
  <testcase classname="positiveTests.CardConfirmation" name="scrollNow" time="1.209"/>
  <system-out/>
  <testcase classname="positiveTests.CardConfirmation" name="ConfirmThatCard" time="10.148"/>
  <system-out/>
</testsuite> <!-- positiveTests.CardConfirmation -->
