<?xml version="1.0" encoding="UTF-8"?>
<!-- Generated by org.testng.reporters.JUnitReportReporter -->
<testsuite hostname="Lubnas-Air" failures="0" tests="2" name="positiveTests.FreezeCard" time="25.025" errors="0" timestamp="2021-04-28T18:35:38 EDT" skipped="0">
  <testcase classname="positiveTests.FreezeCard" name="freezeCard" time="16.776"/>
  <system-out/>
  <testcase classname="positiveTests.FreezeCard" name="freezeToggle" time="8.249"/>
  <system-out/>
</testsuite> <!-- positiveTests.FreezeCard -->
