<?xml version="1.0" encoding="UTF-8"?>
<!-- Generated by org.testng.reporters.JUnitReportReporter -->
<testsuite hostname="Lubnas-Air" failures="0" tests="2" name="positiveTests.MoveMoneyDeleteTransfer" time="32.216" errors="0" timestamp="2021-04-29T17:51:31 EDT" skipped="0">
  <testcase classname="positiveTests.MoveMoneyDeleteTransfer" name="accessdeleteTrans" time="22.312"/>
  <system-out/>
  <testcase classname="positiveTests.MoveMoneyDeleteTransfer" name="gonnaDelete" time="9.904"/>
  <system-out/>
</testsuite> <!-- positiveTests.MoveMoneyDeleteTransfer -->
