<?xml version="1.0" encoding="UTF-8"?>
<!-- Generated by org.testng.reporters.JUnitReportReporter -->
<testsuite hostname="Lubnas-MacBook-Air.local" failures="0" tests="1" name="flows.LoginAndLogout" time="0.012" errors="0" timestamp="2021-01-07T21:46:45 EST" skipped="0">
  <testcase classname="flows.LoginAndLogout" name="Login" time="0.012"/>
  <system-out/>
</testsuite> <!-- flows.LoginAndLogout -->
