<?xml version="1.0" encoding="UTF-8"?>
<!-- Generated by org.testng.reporters.JUnitReportReporter -->
<testsuite hostname="Lubnas-MacBook-Air.local" failures="0" tests="13" name="tests.Tests" time="67.209" errors="0" timestamp="2021-01-15T10:05:12 EST" skipped="0">
  <testcase classname="tests.Tests" name="SignupVerifyCode" time="10.479"/>
  <system-out/>
  <testcase classname="tests.Tests" name="SignupEnterLoginInfo" time="6.762"/>
  <system-out/>
  <testcase classname="tests.Tests" name="scrollNow" time="1.188"/>
  <system-out/>
  <testcase classname="tests.Tests" name="clickInfoCont" time="0.400"/>
  <system-out/>
  <testcase classname="tests.Tests" name="SignupEnterPersonalInfo" time="5.975"/>
  <system-out/>
  <testcase classname="tests.Tests" name="SignupEnterMailingAddress" time="3.618"/>
  <system-out/>
  <testcase classname="tests.Tests" name="SignupEnterPermAddress" time="1.764"/>
  <system-out/>
  <testcase classname="tests.Tests" name="scrollNow1" time="1.237"/>
  <system-out/>
  <testcase classname="tests.Tests" name="billingCont" time="1.948"/>
  <system-out/>
  <testcase classname="tests.Tests" name="EmploymentScreen" time="6.407"/>
  <system-out/>
  <testcase classname="tests.Tests" name="SsnScreen" time="19.880"/>
  <system-out/>
  <testcase classname="tests.Tests" name="scrollNow2" time="5.258"/>
  <system-out/>
  <testcase classname="tests.Tests" name="clickReviewsubmit" time="2.293"/>
  <system-out/>
</testsuite> <!-- tests.Tests -->
