<?xml version="1.0" encoding="UTF-8"?>
<!-- Generated by org.testng.reporters.JUnitReportReporter -->
<testsuite hostname="Lubnas-MacBook-Air.local" failures="0" tests="2" name="tests.SavingsScreen" time="53.786" errors="0" timestamp="2021-01-21T23:07:42 EST" skipped="0">
  <testcase classname="tests.SavingsScreen" name="MoneyToSavings" time="11.844"/>
  <system-out/>
  <testcase classname="tests.SavingsScreen" name="SavingsReminder" time="41.942"/>
  <system-out/>
</testsuite> <!-- tests.SavingsScreen -->
