<?xml version="1.0" encoding="UTF-8"?>
<!-- Generated by org.testng.reporters.JUnitReportReporter -->
<testsuite hostname="Lubnas-MacBook-Air.local" failures="0" tests="2" name="positiveTests.MoveMoneyBillPay" time="34.557" errors="0" timestamp="2021-02-12T14:43:28 EST" skipped="0">
  <testcase classname="positiveTests.MoveMoneyBillPay" name="MailCheck" time="23.539"/>
  <system-out/>
  <testcase classname="positiveTests.MoveMoneyBillPay" name="mailCheck" time="11.018"/>
  <system-out/>
</testsuite> <!-- positiveTests.MoveMoneyBillPay -->
