<?xml version="1.0" encoding="UTF-8"?>
<!-- Generated by org.testng.reporters.JUnitReportReporter -->
<testsuite hostname="Lubnas-MacBook-Air.local" failures="0" tests="2" name="positiveTests.CardConfirmation" time="20.057" errors="0" timestamp="2021-02-01T21:44:48 EST" skipped="0">
  <testcase classname="positiveTests.CardConfirmation" name="ConfirmCardLogin" time="16.198"/>
  <system-out/>
  <testcase classname="positiveTests.CardConfirmation" name="ConfirmThatCard" time="3.859"/>
  <system-out/>
</testsuite> <!-- positiveTests.CardConfirmation -->
