<?xml version="1.0" encoding="UTF-8"?>
<!-- Generated by org.testng.reporters.JUnitReportReporter -->
<testsuite hostname="Lubnas-MacBook-Air.local" failures="0" tests="6" name="positiveTests.MoveMoneyBankTransfer" time="34.859" errors="0" timestamp="2021-02-17T20:15:41 EST" skipped="0">
  <testcase classname="positiveTests.MoveMoneyBankTransfer" name="BankTransfer" time="19.128"/>
  <system-out/>
  <testcase classname="positiveTests.MoveMoneyBankTransfer" name="scrollNow4" time="4.726"/>
  <system-out/>
  <testcase classname="positiveTests.MoveMoneyBankTransfer" name="clickBankTransferPrevRecptPerform" time="6.744"/>
  <system-out/>
  <testcase classname="positiveTests.MoveMoneyBankTransfer" name="scrollNow5" time="1.151"/>
  <system-out/>
  <testcase classname="positiveTests.MoveMoneyBankTransfer" name="PerformTransfer" time="0.184"/>
  <system-out/>
  <testcase classname="positiveTests.MoveMoneyBankTransfer" name="clickYestoPerfBankTrans" time="2.926"/>
  <system-out/>
</testsuite> <!-- positiveTests.MoveMoneyBankTransfer -->
