<?xml version="1.0" encoding="UTF-8"?>
<!-- Generated by org.testng.reporters.JUnitReportReporter -->
<testsuite hostname="Lubnas-Air" failures="0" tests="3" name="positiveTests.CardActivation" time="37.527" errors="0" timestamp="2021-04-29T17:51:31 EDT" skipped="0">
  <testcase classname="positiveTests.CardActivation" name="nullConfirm" time="0.405"/>
  <system-out/>
  <testcase classname="positiveTests.CardActivation" name="ActivateCardScreen" time="14.123"/>
  <system-out/>
  <testcase classname="positiveTests.CardActivation" name="ActivationPINSetting" time="22.999"/>
  <system-out/>
</testsuite> <!-- positiveTests.CardActivation -->
