<?xml version="1.0" encoding="UTF-8"?>
<!-- Generated by org.testng.reporters.JUnitReportReporter -->
<testsuite hostname="Lubnas-MacBook-Air.local" failures="0" tests="3" name="positiveTests.MoveMoneyAddCash" time="31.598" errors="0" timestamp="2021-02-17T20:15:41 EST" skipped="0">
  <testcase classname="positiveTests.MoveMoneyAddCash" name="getToAddCash" time="28.710"/>
  <system-out/>
  <testcase classname="positiveTests.MoveMoneyAddCash" name="clickAddCash" time="0.151"/>
  <system-out/>
  <testcase classname="positiveTests.MoveMoneyAddCash" name="completeAddCash" time="2.737"/>
  <system-out/>
</testsuite> <!-- positiveTests.MoveMoneyAddCash -->
