<?xml version="1.0" encoding="UTF-8"?>
<!-- Generated by org.testng.reporters.JUnitReportReporter -->
<testsuite hostname="Lubnas-MacBook-Air.local" failures="0" tests="13" name="positiveTests.Signup" time="79.580" errors="0" timestamp="2021-02-12T14:43:28 EST" skipped="0">
  <testcase classname="positiveTests.Signup" name="SignupVerifyCode" time="10.610"/>
  <system-out/>
  <testcase classname="positiveTests.Signup" name="SignupEnterLoginInfo" time="7.774"/>
  <system-out/>
  <testcase classname="positiveTests.Signup" name="scrollNow" time="1.221"/>
  <system-out/>
  <testcase classname="positiveTests.Signup" name="clickInfoCont" time="0.336"/>
  <system-out/>
  <testcase classname="positiveTests.Signup" name="SignupEnterPersonalInfo" time="6.167"/>
  <system-out/>
  <testcase classname="positiveTests.Signup" name="SignupEnterMailingAddress" time="15.482"/>
  <system-out/>
  <testcase classname="positiveTests.Signup" name="SignupEnterPermAddress" time="1.796"/>
  <system-out/>
  <testcase classname="positiveTests.Signup" name="scrollNow1" time="1.269"/>
  <system-out/>
  <testcase classname="positiveTests.Signup" name="billingCont" time="1.810"/>
  <system-out/>
  <testcase classname="positiveTests.Signup" name="EmploymentScreen" time="5.796"/>
  <system-out/>
  <testcase classname="positiveTests.Signup" name="SsnScreen" time="19.699"/>
  <system-out/>
  <testcase classname="positiveTests.Signup" name="scrollNow2" time="5.184"/>
  <system-out/>
  <testcase classname="positiveTests.Signup" name="clickReviewsubmit" time="2.436"/>
  <system-out/>
</testsuite> <!-- positiveTests.Signup -->
