<?xml version="1.0" encoding="UTF-8"?>
<!-- Generated by org.testng.reporters.JUnitReportReporter -->
<testsuite hostname="Lubnas-Air" failures="0" tests="3" name="positiveTests.SavingsScreen" time="81.296" errors="0" timestamp="2021-04-29T17:51:31 EDT" skipped="0">
  <testcase classname="positiveTests.SavingsScreen" name="Login" time="16.499"/>
  <system-out/>
  <testcase classname="positiveTests.SavingsScreen" name="MoneyToSavings" time="18.183"/>
  <system-out/>
  <testcase classname="positiveTests.SavingsScreen" name="SavingsReminder" time="46.614"/>
  <system-out/>
</testsuite> <!-- positiveTests.SavingsScreen -->
