<?xml version="1.0" encoding="UTF-8"?>
<!-- Generated by org.testng.reporters.JUnitReportReporter -->
<testsuite hostname="Lubnas-Air" failures="0" tests="3" name="positiveTests.SavingsScreen" time="83.509" errors="0" timestamp="2021-04-26T13:59:22 EDT" skipped="0">
  <testcase classname="positiveTests.SavingsScreen" name="Login" time="16.760"/>
  <system-out/>
  <testcase classname="positiveTests.SavingsScreen" name="MoneyToSavings" time="18.585"/>
  <system-out/>
  <testcase classname="positiveTests.SavingsScreen" name="SavingsReminder" time="48.164"/>
  <system-out/>
</testsuite> <!-- positiveTests.SavingsScreen -->
