<?xml version="1.0" encoding="UTF-8"?>
<!-- Generated by org.testng.reporters.JUnitReportReporter -->
<testsuite hostname="Lubnas-MacBook-Air.local" failures="0" tests="1" name="positiveTests.MoveMoneyATM" time="30.111" errors="0" timestamp="2021-02-01T21:44:48 EST" skipped="0">
  <testcase classname="positiveTests.MoveMoneyATM" name="moveMoneyATM" time="30.111"/>
  <system-out/>
</testsuite> <!-- positiveTests.MoveMoneyATM -->
