<?xml version="1.0" encoding="UTF-8"?>
<!-- Generated by org.testng.reporters.JUnitReportReporter -->
<testsuite hostname="Lubnas-MacBook-Air.local" failures="0" tests="1" name="positiveTests.MoveMoneyAddSpend" time="25.478" errors="0" timestamp="2021-02-12T14:43:28 EST" skipped="0">
  <testcase classname="positiveTests.MoveMoneyAddSpend" name="AddToSpending" time="25.478"/>
  <system-out/>
</testsuite> <!-- positiveTests.MoveMoneyAddSpend -->
