<?xml version="1.0" encoding="UTF-8"?>
<!-- Generated by org.testng.reporters.JUnitReportReporter -->
<testsuite hostname="Lubnas-MacBook-Air.local" failures="0" tests="1" name="positiveTests.LogIn" time="16.762" errors="0" timestamp="2021-02-01T21:44:48 EST" skipped="0">
  <testcase classname="positiveTests.LogIn" name="Login" time="16.762"/>
  <system-out/>
</testsuite> <!-- positiveTests.LogIn -->
