<?xml version="1.0" encoding="UTF-8"?>
<!-- Generated by org.testng.reporters.JUnitReportReporter -->
<testsuite hostname="Lubnas-MacBook-Air.local" failures="0" tests="3" name="positiveTests.CardActivation" time="36.058" errors="0" timestamp="2021-02-01T21:44:48 EST" skipped="0">
  <testcase classname="positiveTests.CardActivation" name="ActivateCardScreen" time="2.153"/>
  <system-out/>
  <testcase classname="positiveTests.CardActivation" name="ActivationPwEntry" time="6.399"/>
  <system-out/>
  <testcase classname="positiveTests.CardActivation" name="ActivationPINSetting" time="27.506"/>
  <system-out/>
</testsuite> <!-- positiveTests.CardActivation -->
