<?xml version="1.0" encoding="UTF-8"?>
<!-- Generated by org.testng.reporters.JUnitReportReporter -->
<testsuite hostname="Lubnas-Air" failures="0" tests="3" name="positiveTests.ActionRequiredReLinkDD" time="43.772" errors="0" timestamp="2021-04-28T18:35:38 EDT" skipped="0">
  <testcase classname="positiveTests.ActionRequiredReLinkDD" name="reLinkDD" time="18.628"/>
  <system-out/>
  <testcase classname="positiveTests.ActionRequiredReLinkDD" name="scrollNow" time="4.763"/>
  <system-out/>
  <testcase classname="positiveTests.ActionRequiredReLinkDD" name="getToAtomic" time="20.381"/>
  <system-out/>
</testsuite> <!-- positiveTests.ActionRequiredReLinkDD -->
