<?xml version="1.0" encoding="UTF-8"?>
<!-- Generated by org.testng.reporters.JUnitReportReporter -->
<testsuite hostname="Lubnas-MacBook-Air.local" failures="0" tests="2" name="positiveTests.FreezeCard" time="26.089" errors="0" timestamp="2021-02-12T14:43:28 EST" skipped="0">
  <testcase classname="positiveTests.FreezeCard" name="freezeCard" time="18.443"/>
  <system-out/>
  <testcase classname="positiveTests.FreezeCard" name="freezeToggle" time="7.646"/>
  <system-out/>
</testsuite> <!-- positiveTests.FreezeCard -->
