<?xml version="1.0" encoding="UTF-8"?>
<!-- Generated by org.testng.reporters.JUnitReportReporter -->
<testsuite hostname="Lubnas-Air" failures="0" tests="13" name="positiveTests.Signup" time="78.903" errors="0" timestamp="2021-03-30T12:50:18 EDT" skipped="0">
  <testcase classname="positiveTests.Signup" name="SignupVerifyCode" time="10.608"/>
  <system-out/>
  <testcase classname="positiveTests.Signup" name="SignupEnterLoginInfo" time="5.317"/>
  <system-out/>
  <testcase classname="positiveTests.Signup" name="scrollNow" time="1.224"/>
  <system-out/>
  <testcase classname="positiveTests.Signup" name="clickInfoCont" time="0.348"/>
  <system-out/>
  <testcase classname="positiveTests.Signup" name="SignupEnterPersonalInfo" time="6.132"/>
  <system-out/>
  <testcase classname="positiveTests.Signup" name="SignupEnterMailingAddress" time="15.135"/>
  <system-out/>
  <testcase classname="positiveTests.Signup" name="SignupEnterPermAddress" time="2.058"/>
  <system-out/>
  <testcase classname="positiveTests.Signup" name="scrollNow1" time="1.206"/>
  <system-out/>
  <testcase classname="positiveTests.Signup" name="billingCont" time="1.470"/>
  <system-out/>
  <testcase classname="positiveTests.Signup" name="EmploymentScreen" time="6.279"/>
  <system-out/>
  <testcase classname="positiveTests.Signup" name="SsnScreen" time="21.441"/>
  <system-out/>
  <testcase classname="positiveTests.Signup" name="scrollNow2" time="5.238"/>
  <system-out/>
  <testcase classname="positiveTests.Signup" name="clickReviewsubmit" time="2.447"/>
  <system-out/>
</testsuite> <!-- positiveTests.Signup -->
