<?xml version="1.0" encoding="UTF-8"?>
<!-- Generated by org.testng.reporters.JUnitReportReporter -->
<testsuite hostname="Lubnas-MacBook-Air.local" failures="0" tests="1" name="tests.LogIn" time="16.982" errors="0" timestamp="2021-01-21T23:07:42 EST" skipped="0">
  <testcase classname="tests.LogIn" name="Login" time="16.982"/>
  <system-out/>
</testsuite> <!-- tests.LogIn -->
