<?xml version="1.0" encoding="UTF-8"?>
<!-- Generated by org.testng.reporters.JUnitReportReporter -->
<testsuite hostname="Lubnas-Air" failures="0" tests="3" name="positiveTests.MoveMoneyAddCash" time="25.120" errors="0" timestamp="2021-04-28T18:35:38 EDT" skipped="0">
  <testcase classname="positiveTests.MoveMoneyAddCash" name="getToAddCash" time="21.576"/>
  <system-out/>
  <testcase classname="positiveTests.MoveMoneyAddCash" name="clickAddCash" time="0.166"/>
  <system-out/>
  <testcase classname="positiveTests.MoveMoneyAddCash" name="completeAddCash" time="3.378"/>
  <system-out/>
</testsuite> <!-- positiveTests.MoveMoneyAddCash -->
