<?xml version="1.0" encoding="UTF-8"?>
<!-- Generated by org.testng.reporters.JUnitReportReporter -->
<testsuite hostname="Lubnas-Air" failures="0" tests="1" name="positiveTests.LogIn" time="16.961" errors="0" timestamp="2021-04-29T17:51:31 EDT" skipped="0">
  <testcase classname="positiveTests.LogIn" name="Login" time="16.961"/>
  <system-out/>
</testsuite> <!-- positiveTests.LogIn -->
