<?xml version="1.0" encoding="UTF-8"?>
<!-- Generated by org.testng.reporters.JUnitReportReporter -->
<testsuite hostname="Lubnas-Air" failures="0" tests="2" name="positiveTests.MoveMoneyDeleteTransfer" time="31.850" errors="0" timestamp="2021-04-28T18:35:38 EDT" skipped="0">
  <testcase classname="positiveTests.MoveMoneyDeleteTransfer" name="accessdeleteTrans" time="21.727"/>
  <system-out/>
  <testcase classname="positiveTests.MoveMoneyDeleteTransfer" name="gonnaDelete" time="10.123"/>
  <system-out/>
</testsuite> <!-- positiveTests.MoveMoneyDeleteTransfer -->
