<?xml version="1.0" encoding="UTF-8"?>
<!-- Generated by org.testng.reporters.JUnitReportReporter -->
<testsuite hostname="Lubnas-MacBook-Air.local" failures="0" tests="2" name="positiveTests.ReplaceCardLost" time="24.995" errors="0" timestamp="2021-02-05T16:50:46 EST" skipped="0">
  <testcase classname="positiveTests.ReplaceCardLost" name="replaceLostCard" time="22.633"/>
  <system-out/>
  <testcase classname="positiveTests.ReplaceCardLost" name="finishLostCard" time="2.362"/>
  <system-out/>
</testsuite> <!-- positiveTests.ReplaceCardLost -->
