<?xml version="1.0" encoding="UTF-8"?>
<!-- Generated by org.testng.reporters.JUnitReportReporter -->
<testsuite hostname="Lubnas-MacBook-Air.local" failures="0" tests="1" name="tests.LogIn" time="41.432" errors="0" timestamp="2021-01-20T16:11:05 EST" skipped="0">
  <testcase classname="tests.LogIn" name="Login" time="41.432"/>
  <system-out/>
</testsuite> <!-- tests.LogIn -->
