<?xml version="1.0" encoding="UTF-8"?>
<!-- Generated by org.testng.reporters.JUnitReportReporter -->
<testsuite hostname="Lubnas-MacBook-Air.local" failures="0" tests="2" name="positiveTests.MoveMoneyAddSav" time="8.309" errors="0" timestamp="2021-02-12T14:43:28 EST" skipped="0">
  <testcase classname="positiveTests.MoveMoneyAddSav" name="AddToSavings" time="5.178"/>
  <system-out/>
  <testcase classname="positiveTests.MoveMoneyAddSav" name="clickConfirm" time="3.131"/>
  <system-out/>
</testsuite> <!-- positiveTests.MoveMoneyAddSav -->
