<?xml version="1.0" encoding="UTF-8"?>
<!-- Generated by org.testng.reporters.JUnitReportReporter -->
<testsuite hostname="Lubnas-Air" failures="0" tests="3" name="positiveTests.MoveMoneyAddCash" time="25.770" errors="0" timestamp="2021-04-29T17:51:31 EDT" skipped="0">
  <testcase classname="positiveTests.MoveMoneyAddCash" name="getToAddCash" time="22.467"/>
  <system-out/>
  <testcase classname="positiveTests.MoveMoneyAddCash" name="clickAddCash" time="0.116"/>
  <system-out/>
  <testcase classname="positiveTests.MoveMoneyAddCash" name="completeAddCash" time="3.187"/>
  <system-out/>
</testsuite> <!-- positiveTests.MoveMoneyAddCash -->
