<?xml version="1.0" encoding="UTF-8"?>
<!-- Generated by org.testng.reporters.JUnitReportReporter -->
<testsuite hostname="Lubnas-Air" failures="0" tests="1" name="positiveTests.MoveMoneyAddSpend" time="29.846" errors="0" timestamp="2021-04-26T13:59:22 EDT" skipped="0">
  <testcase classname="positiveTests.MoveMoneyAddSpend" name="AddToSpending" time="29.846"/>
  <system-out/>
</testsuite> <!-- positiveTests.MoveMoneyAddSpend -->
