<?xml version="1.0" encoding="UTF-8"?>
<!-- Generated by org.testng.reporters.JUnitReportReporter -->
<testsuite hostname="Lubnas-Air" failures="0" tests="1" name="positiveTests.LogIn" time="16.306" errors="0" timestamp="2021-04-26T13:59:22 EDT" skipped="0">
  <testcase classname="positiveTests.LogIn" name="Login" time="16.306"/>
  <system-out/>
</testsuite> <!-- positiveTests.LogIn -->
