<?xml version="1.0" encoding="UTF-8"?>
<!-- Generated by org.testng.reporters.JUnitReportReporter -->
<testsuite hostname="Lubnas-MacBook-Air.local" failures="0" tests="2" name="positiveTests.SavingsScreen" time="55.627" errors="0" timestamp="2021-02-03T18:21:45 EST" skipped="0">
  <testcase classname="positiveTests.SavingsScreen" name="MoneyToSavings" time="11.343"/>
  <system-out/>
  <testcase classname="positiveTests.SavingsScreen" name="SavingsReminder" time="44.284"/>
  <system-out/>
</testsuite> <!-- positiveTests.SavingsScreen -->
