<?xml version="1.0" encoding="UTF-8"?>
<!-- Generated by org.testng.reporters.JUnitReportReporter -->
<testsuite hostname="Lubnas-MacBook-Air.local" failures="0" tests="2" name="positiveTests.MoveMoneyBillPay" time="35.484" errors="0" timestamp="2021-02-03T18:21:45 EST" skipped="0">
  <testcase classname="positiveTests.MoveMoneyBillPay" name="MailCheck" time="24.106"/>
  <system-out/>
  <testcase classname="positiveTests.MoveMoneyBillPay" name="mailCheck" time="11.378"/>
  <system-out/>
</testsuite> <!-- positiveTests.MoveMoneyBillPay -->
