<?xml version="1.0" encoding="UTF-8"?>
<!-- Generated by org.testng.reporters.JUnitReportReporter -->
<testsuite hostname="Lubnas-MacBook-Air.local" failures="0" tests="3" name="tests.CardActivation" time="17.580" errors="0" timestamp="2021-01-21T23:07:42 EST" skipped="0">
  <testcase classname="tests.CardActivation" name="ActivateCardScreen" time="2.104"/>
  <system-out/>
  <testcase classname="tests.CardActivation" name="ActivationPwEntry" time="5.915"/>
  <system-out/>
  <testcase classname="tests.CardActivation" name="ActivationPINSetting" time="9.561"/>
  <system-out/>
</testsuite> <!-- tests.CardActivation -->
