<?xml version="1.0" encoding="UTF-8"?>
<!-- Generated by org.testng.reporters.JUnitReportReporter -->
<testsuite hostname="Lubnas-MacBook-Air.local" failures="0" tests="2" name="positiveTests.MoveMoneyDeleteTransfer" time="39.571" errors="0" timestamp="2021-02-17T20:15:41 EST" skipped="0">
  <testcase classname="positiveTests.MoveMoneyDeleteTransfer" name="accessdeleteTrans" time="28.820"/>
  <system-out/>
  <testcase classname="positiveTests.MoveMoneyDeleteTransfer" name="gonnaDelete" time="10.751"/>
  <system-out/>
</testsuite> <!-- positiveTests.MoveMoneyDeleteTransfer -->
