<?xml version="1.0" encoding="UTF-8"?>
<!-- Generated by org.testng.reporters.JUnitReportReporter -->
<testsuite hostname="Lubnas-Air" failures="0" tests="2" name="positiveTests.MoveMoneyDeleteTransfer" time="33.150" errors="0" timestamp="2021-04-29T14:51:28 EDT" skipped="0">
  <testcase classname="positiveTests.MoveMoneyDeleteTransfer" name="accessdeleteTrans" time="22.903"/>
  <system-out/>
  <testcase classname="positiveTests.MoveMoneyDeleteTransfer" name="gonnaDelete" time="10.247"/>
  <system-out/>
</testsuite> <!-- positiveTests.MoveMoneyDeleteTransfer -->
