<?xml version="1.0" encoding="UTF-8"?>
<!-- Generated by org.testng.reporters.JUnitReportReporter -->
<testsuite hostname="Lubnas-MacBook-Air.local" failures="0" tests="3" name="positiveTests.MoveMoneyDD" time="25.288" errors="0" timestamp="2021-02-01T21:44:48 EST" skipped="0">
  <testcase classname="positiveTests.MoveMoneyDD" name="SetUpDirectDeposit" time="20.779"/>
  <system-out/>
  <testcase classname="positiveTests.MoveMoneyDD" name="scrollNow3" time="3.424"/>
  <system-out/>
  <testcase classname="positiveTests.MoveMoneyDD" name="finishSetupDD" time="1.085"/>
  <system-out/>
</testsuite> <!-- positiveTests.MoveMoneyDD -->
