<?xml version="1.0" encoding="UTF-8"?>
<!-- Generated by org.testng.reporters.JUnitReportReporter -->
<testsuite hostname="Lubnas-Air" failures="0" tests="2" name="positiveTests.MoveMoneyAddSav" time="8.194" errors="0" timestamp="2021-04-26T13:59:21 EDT" skipped="0">
  <testcase classname="positiveTests.MoveMoneyAddSav" name="AddToSavings" time="4.535"/>
  <system-out/>
  <testcase classname="positiveTests.MoveMoneyAddSav" name="clickConfirm" time="3.659"/>
  <system-out/>
</testsuite> <!-- positiveTests.MoveMoneyAddSav -->
