<?xml version="1.0" encoding="UTF-8"?>
<!-- Generated by org.testng.reporters.JUnitReportReporter -->
<testsuite hostname="Lubnas-Air" failures="0" tests="1" name="positiveTests.ResetPassword" time="11.476" errors="0" timestamp="2021-04-29T14:51:28 EDT" skipped="0">
  <testcase classname="positiveTests.ResetPassword" name="resetPassword" time="11.476"/>
  <system-out/>
</testsuite> <!-- positiveTests.ResetPassword -->
