<?xml version="1.0" encoding="UTF-8"?>
<!-- Generated by org.testng.reporters.JUnitReportReporter -->
<testsuite hostname="Lubnas-Air" failures="0" tests="3" name="positiveTests.MoveMoneyDD" time="43.240" errors="0" timestamp="2021-04-28T18:35:38 EDT" skipped="0">
  <testcase classname="positiveTests.MoveMoneyDD" name="SetUpDirectDeposit" time="18.073"/>
  <system-out/>
  <testcase classname="positiveTests.MoveMoneyDD" name="scrollNow" time="4.664"/>
  <system-out/>
  <testcase classname="positiveTests.MoveMoneyDD" name="getToAtomic" time="20.503"/>
  <system-out/>
</testsuite> <!-- positiveTests.MoveMoneyDD -->
