<?xml version="1.0" encoding="UTF-8"?>
<!-- Generated by org.testng.reporters.JUnitReportReporter -->
<testsuite hostname="Lubnas-Air" failures="0" tests="2" name="positiveTests.MoveMoneyBillPay" time="34.837" errors="0" timestamp="2021-04-28T18:35:38 EDT" skipped="0">
  <testcase classname="positiveTests.MoveMoneyBillPay" name="MailCheck" time="22.063"/>
  <system-out/>
  <testcase classname="positiveTests.MoveMoneyBillPay" name="mailCheck" time="12.774"/>
  <system-out/>
</testsuite> <!-- positiveTests.MoveMoneyBillPay -->
