<?xml version="1.0" encoding="UTF-8"?>
<!-- Generated by org.testng.reporters.JUnitReportReporter -->
<testsuite hostname="Lubnas-MacBook-Air.local" failures="0" tests="6" name="positiveTests.MoveMoneyBankTransfer" time="33.136" errors="0" timestamp="2021-02-12T14:43:28 EST" skipped="0">
  <testcase classname="positiveTests.MoveMoneyBankTransfer" name="BankTransfer" time="19.225"/>
  <system-out/>
  <testcase classname="positiveTests.MoveMoneyBankTransfer" name="scrollNow4" time="4.820"/>
  <system-out/>
  <testcase classname="positiveTests.MoveMoneyBankTransfer" name="clickBankTransferPrevRecptPerform" time="4.936"/>
  <system-out/>
  <testcase classname="positiveTests.MoveMoneyBankTransfer" name="scrollNow5" time="1.209"/>
  <system-out/>
  <testcase classname="positiveTests.MoveMoneyBankTransfer" name="PerformTransfer" time="0.199"/>
  <system-out/>
  <testcase classname="positiveTests.MoveMoneyBankTransfer" name="clickYestoPerfBankTrans" time="2.747"/>
  <system-out/>
</testsuite> <!-- positiveTests.MoveMoneyBankTransfer -->
