<?xml version="1.0" encoding="UTF-8"?>
<!-- Generated by org.testng.reporters.JUnitReportReporter -->
<testsuite hostname="Lubnas-Air" failures="0" tests="2" name="positiveTests.MoveMoneyBillPay" time="36.466" errors="0" timestamp="2021-04-26T13:59:22 EDT" skipped="0">
  <testcase classname="positiveTests.MoveMoneyBillPay" name="MailCheck" time="24.170"/>
  <system-out/>
  <testcase classname="positiveTests.MoveMoneyBillPay" name="mailCheck" time="12.296"/>
  <system-out/>
</testsuite> <!-- positiveTests.MoveMoneyBillPay -->
