<?xml version="1.0" encoding="UTF-8"?>
<!-- Generated by org.testng.reporters.JUnitReportReporter -->
<testsuite hostname="Lubnas-Air" failures="0" tests="6" name="positiveTests.MoveMoneyBankTransfer" time="36.290" errors="0" timestamp="2021-04-26T13:59:22 EDT" skipped="0">
  <testcase classname="positiveTests.MoveMoneyBankTransfer" name="BankTransfer" time="19.236"/>
  <system-out/>
  <testcase classname="positiveTests.MoveMoneyBankTransfer" name="scrollNow4" time="5.490"/>
  <system-out/>
  <testcase classname="positiveTests.MoveMoneyBankTransfer" name="clickBankTransferPrevRecptPerform" time="5.408"/>
  <system-out/>
  <testcase classname="positiveTests.MoveMoneyBankTransfer" name="scrollNow5" time="1.208"/>
  <system-out/>
  <testcase classname="positiveTests.MoveMoneyBankTransfer" name="PerformTransfer" time="0.701"/>
  <system-out/>
  <testcase classname="positiveTests.MoveMoneyBankTransfer" name="clickYestoPerfBankTrans" time="4.247"/>
  <system-out/>
</testsuite> <!-- positiveTests.MoveMoneyBankTransfer -->
