<?xml version="1.0" encoding="UTF-8"?>
<!-- Generated by org.testng.reporters.JUnitReportReporter -->
<testsuite hostname="Lubnas-MacBook-Air.local" failures="0" tests="2" name="positiveTests.MoveMoneyAddTransfer" time="35.574" errors="0" timestamp="2021-02-01T21:44:48 EST" skipped="0">
  <testcase classname="positiveTests.MoveMoneyAddTransfer" name="addRecipientBasic1" time="23.367"/>
  <system-out/>
  <testcase classname="positiveTests.MoveMoneyAddTransfer" name="addRecipientBasic2" time="12.207"/>
  <system-out/>
</testsuite> <!-- positiveTests.MoveMoneyAddTransfer -->
