<?xml version="1.0" encoding="UTF-8"?>
<!-- Generated by org.testng.reporters.JUnitReportReporter -->
<testsuite hostname="Lubnas-MacBook-Air.local" failures="0" tests="13" name="tests.Signup" time="65.597" errors="0" timestamp="2021-01-20T15:42:01 EST" skipped="0">
  <testcase classname="tests.Signup" name="SignupVerifyCode" time="10.486"/>
  <system-out/>
  <testcase classname="tests.Signup" name="SignupEnterLoginInfo" time="5.577"/>
  <system-out/>
  <testcase classname="tests.Signup" name="scrollNow" time="1.194"/>
  <system-out/>
  <testcase classname="tests.Signup" name="clickInfoCont" time="0.301"/>
  <system-out/>
  <testcase classname="tests.Signup" name="SignupEnterPersonalInfo" time="5.997"/>
  <system-out/>
  <testcase classname="tests.Signup" name="SignupEnterMailingAddress" time="3.774"/>
  <system-out/>
  <testcase classname="tests.Signup" name="SignupEnterPermAddress" time="1.791"/>
  <system-out/>
  <testcase classname="tests.Signup" name="scrollNow1" time="1.248"/>
  <system-out/>
  <testcase classname="tests.Signup" name="billingCont" time="1.546"/>
  <system-out/>
  <testcase classname="tests.Signup" name="EmploymentScreen" time="6.214"/>
  <system-out/>
  <testcase classname="tests.Signup" name="SsnScreen" time="19.781"/>
  <system-out/>
  <testcase classname="tests.Signup" name="scrollNow2" time="5.193"/>
  <system-out/>
  <testcase classname="tests.Signup" name="clickReviewsubmit" time="2.495"/>
  <system-out/>
</testsuite> <!-- tests.Signup -->
